<?xml version="1.0" encoding="UTF-8"?>
<!-- Generated by org.testng.reporters.JUnitReportReporter -->
<testsuite hostname="kalagaraganesh-sa" failures="0" tests="11" name="com.xamplify.automation.tests.OnboardingPartnerTest" time="370.223" errors="0" timestamp="2025-05-21T08:20:51 IST" skipped="0">
  <testcase classname="com.xamplify.automation.tests.OnboardingPartnerTest" name="OneAtaTime_partner" time="42.693"/>
  <testcase classname="com.xamplify.automation.tests.OnboardingPartnerTest" name="EditPartner" time="31.102"/>
  <testcase classname="com.xamplify.automation.tests.OnboardingPartnerTest" name="SearchPartner" time="17.637"/>
  <testcase classname="com.xamplify.automation.tests.OnboardingPartnerTest" name="ExportExcellReportPartner" time="7.630"/>
  <testcase classname="com.xamplify.automation.tests.OnboardingPartnerTest" name="ExportEmailReportPartner" time="27.227"/>
  <testcase classname="com.xamplify.automation.tests.OnboardingPartnerTest" name="CreateGroupPartner" time="20.650"/>
  <testcase classname="com.xamplify.automation.tests.OnboardingPartnerTest" name="AddToGroupPartner" time="54.124"/>
  <testcase classname="com.xamplify.automation.tests.OnboardingPartnerTest" name="DeletePartner" time="30.605"/>
  <testcase classname="com.xamplify.automation.tests.OnboardingPartnerTest" name="PaginationPartner" time="15.232"/>
  <testcase classname="com.xamplify.automation.tests.OnboardingPartnerTest" name="SortAndRecordsPerPage" time="92.469"/>
  <testcase classname="com.xamplify.automation.tests.OnboardingPartnerTest" name="UploadCSV_partner" time="30.854"/>
</testsuite> <!-- com.xamplify.automation.tests.OnboardingPartnerTest -->
