<?xml version="1.0" encoding="UTF-8"?>
<!-- Generated by org.testng.reporters.JUnitReportReporter -->
<testsuite hostname="agayatri1-sa" failures="0" tests="15" name="com.xamplify.automation.Shareleads" time="689.512" errors="0" timestamp="2025-04-22T14:28:26 IST" skipped="0">
  <testcase classname="com.xamplify.automation.Shareleads" name="shareLeadsOneAtATime" time="26.085"/>
  <testcase classname="com.xamplify.automation.Shareleads" name="shareleadsUploadCSV" time="16.159"/>
  <testcase classname="com.xamplify.automation.Shareleads" name="manageshareleadsEditAddsharelead" time="73.811"/>
  <testcase classname="com.xamplify.automation.Shareleads" name="manageShareleadsSearch" time="10.015"/>
  <testcase classname="com.xamplify.automation.Shareleads" name="shareleadsDropdown" time="9.555"/>
  <testcase classname="com.xamplify.automation.Shareleads" name="manageShareleadsPublishDownload" time="121.757"/>
  <testcase classname="com.xamplify.automation.Shareleads" name="manageShareleadsCopy" time="45.492"/>
  <testcase classname="com.xamplify.automation.Shareleads" name="manageShareleadsDelete" time="40.855"/>
  <testcase classname="com.xamplify.automation.Shareleads" name="manageShareleadsAlltilesFilterSearch" time="73.187"/>
  <testcase classname="com.xamplify.automation.Shareleads" name="manageShareleadsAlltilesSortEmailreports" time="55.552"/>
  <testcase classname="com.xamplify.automation.Shareleads" name="manageShareleadsAlltilesNewlist" time="16.685"/>
  <testcase classname="com.xamplify.automation.Shareleads" name="manageShareleadsValidtiles" time="125.381"/>
  <testcase classname="com.xamplify.automation.Shareleads" name="manageShareleadsExcludetiles" time="10.553"/>
  <testcase classname="com.xamplify.automation.Shareleads" name="manageShareleadsUndeliverabletiles" time="10.570"/>
  <testcase classname="com.xamplify.automation.Shareleads" name="manageShareleadsUnubscribetiles" time="53.855"/>
</testsuite> <!-- com.xamplify.automation.Shareleads -->
