<?xml version="1.0" encoding="UTF-8"?>
<!-- Generated by org.testng.reporters.JUnitReportReporter -->
<testsuite hostname="agayatri1-sa" failures="0" tests="1" name="com.xamplify.automation.ScheduleRedistributionSurveyCampaign" time="167.217" errors="0" timestamp="2025-04-23T14:25:23 IST" skipped="0">
  <testcase classname="com.xamplify.automation.ScheduleRedistributionSurveyCampaign" name="re_surveyschedule" time="167.217"/>
</testsuite> <!-- com.xamplify.automation.ScheduleRedistributionSurveyCampaign -->
