<?xml version="1.0" encoding="UTF-8"?>
<!-- Generated by org.testng.reporters.JUnitReportReporter -->
<testsuite hostname="agayatri1-sa" failures="0" tests="1" name="com.xamplify.automation.ScheduleVideoCampaign" time="173.617" errors="0" timestamp="2025-04-22T14:28:26 IST" skipped="0">
  <testcase classname="com.xamplify.automation.ScheduleVideoCampaign" name="vschedule" time="173.617"/>
</testsuite> <!-- com.xamplify.automation.ScheduleVideoCampaign -->
