<?xml version="1.0" encoding="UTF-8"?>
<!-- Generated by org.testng.reporters.JUnitReportReporter -->
<testsuite hostname="agayatri1-sa" failures="0" tests="8" name="com.xamplify.automation.ManagePartner" time="437.125" errors="0" timestamp="2025-04-22T14:28:26 IST" skipped="1">
  <testcase classname="com.xamplify.automation.ManagePartner" name="CreateNewPartnerGroup" time="61.849"/>
  <testcase classname="com.xamplify.automation.ManagePartner" name="exportToMail" time="16.066"/>
  <testcase classname="com.xamplify.automation.ManagePartner" name="Mpartners_Sortandsearch_Copyandsavegroup" time="39.696"/>
  <testcase classname="com.xamplify.automation.ManagePartner" name="Mpartners_EditGroup" time="112.330"/>
  <testcase classname="com.xamplify.automation.ManagePartner" name="Mpartners_publishContent" time="101.362"/>
  <testcase classname="com.xamplify.automation.ManagePartner" name="exportToExcel" time="54.443"/>
  <testcase classname="com.xamplify.automation.ManagePartner" name="Mpartners_DeleteGroup" time="51.379"/>
  <testcase classname="com.xamplify.automation.ManagePartner" name="pagenation">
    <skipped/>
  </testcase> <!-- pagenation -->
</testsuite> <!-- com.xamplify.automation.ManagePartner -->
