<?xml version="1.0" encoding="UTF-8"?>
<!-- Generated by org.testng.reporters.JUnitReportReporter -->
<testsuite hostname="agayatri1-sa" failures="0" tests="1" name="com.xamplify.automation.PartnerManageSurveyCampaign" time="383.317" errors="0" timestamp="2025-04-23T14:25:23 IST" skipped="0">
  <testcase classname="com.xamplify.automation.PartnerManageSurveyCampaign" name="manage_redsurveycamp" time="383.317"/>
</testsuite> <!-- com.xamplify.automation.PartnerManageSurveyCampaign -->
