<?xml version="1.0" encoding="UTF-8"?>
<!-- Generated by org.testng.reporters.JUnitReportReporter -->
<testsuite hostname="agayatri1-sa" failures="0" tests="1" name="com.xamplify.automation.ManageVideoCampaign" time="486.801" errors="0" timestamp="2025-04-22T14:28:26 IST" skipped="0">
  <testcase classname="com.xamplify.automation.ManageVideoCampaign" name="manage_videocampaign" time="486.801"/>
</testsuite> <!-- com.xamplify.automation.ManageVideoCampaign -->
