<?xml version="1.0" encoding="UTF-8"?>
<!-- Generated by org.testng.reporters.JUnitReportReporter -->
<testsuite hostname="kalagaraganesh-sa" failures="0" tests="8" name="com.xamplify.automation.ManagePartner" time="440.948" errors="0" timestamp="2025-05-17T12:40:43 IST" skipped="1">
  <testcase classname="com.xamplify.automation.ManagePartner" name="CreateNewPartnerGroup" time="63.246"/>
  <testcase classname="com.xamplify.automation.ManagePartner" name="exportToMail" time="16.161"/>
  <testcase classname="com.xamplify.automation.ManagePartner" name="Mpartners_Sortandsearch_Copyandsavegroup" time="39.813"/>
  <testcase classname="com.xamplify.automation.ManagePartner" name="Mpartners_EditGroup" time="108.832"/>
  <testcase classname="com.xamplify.automation.ManagePartner" name="Mpartners_publishContent" time="106.490"/>
  <testcase classname="com.xamplify.automation.ManagePartner" name="exportToExcel" time="55.318"/>
  <testcase classname="com.xamplify.automation.ManagePartner" name="Mpartners_DeleteGroup" time="51.088"/>
  <testcase classname="com.xamplify.automation.ManagePartner" name="pagenation">
    <skipped/>
  </testcase> <!-- pagenation -->
</testsuite> <!-- com.xamplify.automation.ManagePartner -->
