<?xml version="1.0" encoding="UTF-8"?>
<!-- Generated by org.testng.reporters.JUnitReportReporter -->
<testsuite hostname="agayatri1-sa" failures="0" tests="15" name="com.xamplify.automation.UploadAsset" time="1332.781" errors="0" timestamp="2025-04-22T14:28:26 IST" skipped="0">
  <testcase classname="com.xamplify.automation.UploadAsset" name="hoverandclickoncontent_module" time="9.749"/>
  <testcase classname="com.xamplify.automation.UploadAsset" name="uploadasset_png" time="77.549"/>
  <testcase classname="com.xamplify.automation.UploadAsset" name="uploadasset_csv" time="76.488"/>
  <testcase classname="com.xamplify.automation.UploadAsset" name="videoasset" time="88.059"/>
  <testcase classname="com.xamplify.automation.UploadAsset" name="uploadasset_video" time="161.974"/>
  <testcase classname="com.xamplify.automation.UploadAsset" name="uploadasset_ppt" time="88.763"/>
  <testcase classname="com.xamplify.automation.UploadAsset" name="uploadasset_pptx" time="91.893"/>
  <testcase classname="com.xamplify.automation.UploadAsset" name="uploadasset_doc" time="91.301"/>
  <testcase classname="com.xamplify.automation.UploadAsset" name="uploadasset_docx" time="95.635"/>
  <testcase classname="com.xamplify.automation.UploadAsset" name="uploadasset_pdf" time="91.043"/>
  <testcase classname="com.xamplify.automation.UploadAsset" name="uploadasset_jpg" time="93.953"/>
  <testcase classname="com.xamplify.automation.UploadAsset" name="uploadasset_gif" time="91.727"/>
  <testcase classname="com.xamplify.automation.UploadAsset" name="uploadasset_html" time="91.620"/>
  <testcase classname="com.xamplify.automation.UploadAsset" name="uploadasset_txt" time="91.611"/>
  <testcase classname="com.xamplify.automation.UploadAsset" name="uploadasset_zip" time="91.416"/>
</testsuite> <!-- com.xamplify.automation.UploadAsset -->
