<?xml version="1.0" encoding="UTF-8"?>
<!-- Generated by org.testng.reporters.JUnitReportReporter -->
<testsuite hostname="agayatri1-sa" failures="0" tests="7" name="com.xamplify.automation.TeamPartner" time="132.725" errors="0" timestamp="2025-04-23T14:25:23 IST" skipped="0">
  <testcase classname="com.xamplify.automation.TeamPartner" name="hoverTeam" time="5.273"/>
  <testcase classname="com.xamplify.automation.TeamPartner" name="addTeammember" time="23.277"/>
  <testcase classname="com.xamplify.automation.TeamPartner" name="inviteTeammember" time="30.318"/>
  <testcase classname="com.xamplify.automation.TeamPartner" name="generateCSV" time="2.014"/>
  <testcase classname="com.xamplify.automation.TeamPartner" name="testFileUpload" time="8.488"/>
  <testcase classname="com.xamplify.automation.TeamPartner" name="search_filter_export_TM" time="35.967"/>
  <testcase classname="com.xamplify.automation.TeamPartner" name="actions_teammember" time="27.388"/>
</testsuite> <!-- com.xamplify.automation.TeamPartner -->
