<?xml version="1.0" encoding="UTF-8"?>
<!-- Generated by org.testng.reporters.JUnitReportReporter -->
<testsuite hostname="agayatri1-sa" failures="0" tests="1" name="com.xamplify.automation.LaunchVideoCampaign" time="171.001" errors="0" timestamp="2025-04-22T14:28:26 IST" skipped="0">
  <testcase classname="com.xamplify.automation.LaunchVideoCampaign" name="vlaunch" time="171.001"/>
</testsuite> <!-- com.xamplify.automation.LaunchVideoCampaign -->
