<?xml version="1.0" encoding="UTF-8"?>
<!-- Generated by org.testng.reporters.JUnitReportReporter -->
<testsuite hostname="agayatri1-sa" failures="0" tests="2" name="com.xamplify.automation.PartnerLogin" time="24.702" errors="0" timestamp="2025-04-23T14:25:23 IST" skipped="0">
  <testcase classname="com.xamplify.automation.PartnerLogin" name="OpeningtheBrowser" time="20.318"/>
  <testcase classname="com.xamplify.automation.PartnerLogin" name="SigninProcess" time="4.384"/>
</testsuite> <!-- com.xamplify.automation.PartnerLogin -->
