<?xml version="1.0" encoding="UTF-8"?>
<!-- Generated by org.testng.reporters.JUnitReportReporter -->
<testsuite hostname="kalagaraganesh-sa" failures="0" tests="11" name="com.xamplify.automation.partners" time="361.422" errors="0" timestamp="2025-05-17T17:10:30 IST" skipped="0">
  <testcase classname="com.xamplify.automation.partners" name="uploadcsv" time="30.794"/>
  <testcase classname="com.xamplify.automation.partners" name="OnboardPartnerOneAtaTime" time="39.058"/>
  <testcase classname="com.xamplify.automation.partners" name="searchAndVerifyPartner" time="14.528"/>
  <testcase classname="com.xamplify.automation.partners" name="exportToExcel" time="7.345"/>
  <testcase classname="com.xamplify.automation.partners" name="exportToEmail" time="27.310"/>
  <testcase classname="com.xamplify.automation.partners" name="createGroup" time="19.461"/>
  <testcase classname="com.xamplify.automation.partners" name="addToGroup" time="50.964"/>
  <testcase classname="com.xamplify.automation.partners" name="deletePartner" time="29.981"/>
  <testcase classname="com.xamplify.automation.partners" name="pagenation" time="17.782"/>
  <testcase classname="com.xamplify.automation.partners" name="partnerEdit" time="32.694"/>
  <testcase classname="com.xamplify.automation.partners" name="SortAndNoofrecord" time="91.505"/>
</testsuite> <!-- com.xamplify.automation.partners -->
