<?xml version="1.0" encoding="UTF-8"?>
<!-- Generated by org.testng.reporters.JUnitReportReporter -->
<testsuite hostname="agayatri1-sa" failures="0" tests="7" name="com.xamplify.automation.TeamVendor" time="106.564" errors="0" timestamp="2025-04-22T14:28:26 IST" skipped="1">
  <testcase classname="com.xamplify.automation.TeamVendor" name="hoverTeam" time="2.814"/>
  <testcase classname="com.xamplify.automation.TeamVendor" name="addTeammember" time="21.638"/>
  <testcase classname="com.xamplify.automation.TeamVendor" name="genearteCSV" time="2.016"/>
  <testcase classname="com.xamplify.automation.TeamVendor" name="testFileUpload" time="13.756"/>
  <testcase classname="com.xamplify.automation.TeamVendor" name="search_filter_export_TM" time="32.101"/>
  <testcase classname="com.xamplify.automation.TeamVendor" name="actions_teammember" time="34.239"/>
  <testcase classname="com.xamplify.automation.TeamVendor" name="inviteTeammember">
    <skipped/>
  </testcase> <!-- inviteTeammember -->
</testsuite> <!-- com.xamplify.automation.TeamVendor -->
