<?xml version="1.0" encoding="UTF-8"?>
<!-- Generated by org.testng.reporters.JUnitReportReporter -->
<testsuite hostname="kalagaraganesh-sa" failures="0" tests="9" name="com.xamplify.automation.tests.ManagePartnerTest" time="482.009" errors="0" timestamp="2025-05-21T08:20:51 IST" skipped="0">
  <testcase classname="com.xamplify.automation.tests.ManagePartnerTest" name="EditGroup_ManagePartner" time="104.518"/>
  <testcase classname="com.xamplify.automation.tests.ManagePartnerTest" name="Sortandsearch_Copyandsavegroup_ManagePartner" time="40.195"/>
  <testcase classname="com.xamplify.automation.tests.ManagePartnerTest" name="EmailReport_ManagePartner" time="42.430"/>
  <testcase classname="com.xamplify.automation.tests.ManagePartnerTest" name="CreatePartnerGroup_ManagePartner" time="61.062"/>
  <testcase classname="com.xamplify.automation.tests.ManagePartnerTest" name="PublishContent_ManagePartner" time="102.195"/>
  <testcase classname="com.xamplify.automation.tests.ManagePartnerTest" name="DeleteGroup_ManagePartner" time="51.688"/>
  <testcase classname="com.xamplify.automation.tests.ManagePartnerTest" name="ExportExcelReport_ManagePartner" time="61.093"/>
  <testcase classname="com.xamplify.automation.tests.ManagePartnerTest" name="Pagination_ManagePartner" time="15.398"/>
  <testcase classname="com.xamplify.automation.tests.ManagePartnerTest" name="Home" time="3.430"/>
</testsuite> <!-- com.xamplify.automation.tests.ManagePartnerTest -->
