<?xml version="1.0" encoding="UTF-8"?>
<!-- Generated by org.testng.reporters.JUnitReportReporter -->
<testsuite hostname="agayatri1-sa" failures="0" tests="2" name="com.xamplify.automation.Login" time="25.439" errors="0" timestamp="2025-04-22T14:28:26 IST" skipped="0">
  <testcase classname="com.xamplify.automation.Login" name="Openingthebrowser" time="19.314"/>
  <testcase classname="com.xamplify.automation.Login" name="Signinprocess" time="6.125"/>
</testsuite> <!-- com.xamplify.automation.Login -->
