<?xml version="1.0" encoding="UTF-8"?>
<!-- Generated by org.testng.reporters.JUnitReportReporter -->
<testsuite hostname="agayatri1-sa" failures="0" tests="1" name="com.xamplify.automation.ScheduleEventRedistributionCampaign" time="162.052" errors="0" timestamp="2025-04-23T14:25:23 IST" skipped="0">
  <testcase classname="com.xamplify.automation.ScheduleEventRedistributionCampaign" name="re_eventschedule" time="162.052"/>
</testsuite> <!-- com.xamplify.automation.ScheduleEventRedistributionCampaign -->
