<?xml version="1.0" encoding="UTF-8"?>
<!-- Generated by org.testng.reporters.JUnitReportReporter -->
<testsuite hostname="agayatri1-sa" failures="0" tests="13" name="com.xamplify.automation.sharedLeads" time="274.125" errors="0" timestamp="2025-04-23T14:25:23 IST" skipped="0">
  <testcase classname="com.xamplify.automation.sharedLeads" name="SharedleadslistUnsubscribeTile" time="20.098"/>
  <testcase classname="com.xamplify.automation.sharedLeads" name="SharedleadsListviewActionsAllTile" time="72.998"/>
  <testcase classname="com.xamplify.automation.sharedLeads" name="SharedleadsEditlistValidTile" time="0.050"/>
  <testcase classname="com.xamplify.automation.sharedLeads" name="SharedleadsEditlistExcludeTile" time="0.051"/>
  <testcase classname="com.xamplify.automation.sharedLeads" name="SharedleadsEditlistUndeliverableTile" time="0.046"/>
  <testcase classname="com.xamplify.automation.sharedLeads" name="manageSharedLeadsAllTileActions" time="94.592"/>
  <testcase classname="com.xamplify.automation.sharedLeads" name="manageSharedLeadsValidTileActions" time="14.386"/>
  <testcase classname="com.xamplify.automation.sharedLeads" name="manageSharedLeadsExcludeTileActions" time="2.082"/>
  <testcase classname="com.xamplify.automation.sharedLeads" name="manageSharedLeadsUndeliverableTileActions" time="0.047"/>
  <testcase classname="com.xamplify.automation.sharedLeads" name="manageSharedLeadsUnsubscribeTileActions" time="0.065"/>
  <testcase classname="com.xamplify.automation.sharedLeads" name="manageSharedLeadsSort" time="23.456"/>
  <testcase classname="com.xamplify.automation.sharedLeads" name="manageSharedleadsGrid" time="35.786"/>
  <testcase classname="com.xamplify.automation.sharedLeads" name="manageSharedleadsSearch" time="10.468"/>
</testsuite> <!-- com.xamplify.automation.sharedLeads -->
