<?xml version="1.0" encoding="UTF-8"?>
<!-- Generated by org.testng.reporters.JUnitReportReporter -->
<testsuite hostname="agayatri1-sa" failures="0" tests="11" name="com.xamplify.automation.partners" time="361.438" errors="0" timestamp="2025-04-22T11:52:05 IST" skipped="0">
  <testcase classname="com.xamplify.automation.partners" name="uploadcsv" time="30.871"/>
  <testcase classname="com.xamplify.automation.partners" name="OnboardPartnerOneAtaTime" time="38.444"/>
  <testcase classname="com.xamplify.automation.partners" name="searchAndVerifyPartner" time="14.505"/>
  <testcase classname="com.xamplify.automation.partners" name="exportToExcel" time="7.392"/>
  <testcase classname="com.xamplify.automation.partners" name="exportToEmail" time="27.316"/>
  <testcase classname="com.xamplify.automation.partners" name="createGroup" time="19.528"/>
  <testcase classname="com.xamplify.automation.partners" name="addToGroup" time="51.058"/>
  <testcase classname="com.xamplify.automation.partners" name="deletePartner" time="30.537"/>
  <testcase classname="com.xamplify.automation.partners" name="pagenation" time="17.849"/>
  <testcase classname="com.xamplify.automation.partners" name="partnerEdit" time="32.389"/>
  <testcase classname="com.xamplify.automation.partners" name="SortAndNoofrecord" time="91.549"/>
</testsuite> <!-- com.xamplify.automation.partners -->
