<?xml version="1.0" encoding="UTF-8"?>
<!-- Generated by org.testng.reporters.JUnitReportReporter -->
<testsuite hostname="kalagaraganesh-sa" failures="0" tests="2" name="com.xamplify.automation.Login" time="40.894" errors="0" timestamp="2025-05-21T08:20:51 IST" skipped="0">
  <testcase classname="com.xamplify.automation.Login" name="Openingthebrowser" time="30.899"/>
  <testcase classname="com.xamplify.automation.Login" name="Signinprocess" time="9.995"/>
</testsuite> <!-- com.xamplify.automation.Login -->
