<?xml version="1.0" encoding="UTF-8"?>
<!-- Generated by org.testng.reporters.JUnitReportReporter -->
<testsuite hostname="agayatri1-sa" failures="0" tests="3" name="com.xamplify.automation.Contacts" time="87.247" errors="0" timestamp="2025-04-23T14:25:23 IST" skipped="0">
  <testcase classname="com.xamplify.automation.Contacts" name="contacts_hover" time="5.316"/>
  <testcase classname="com.xamplify.automation.Contacts" name="con_uploadcsv" time="29.849"/>
  <testcase classname="com.xamplify.automation.Contacts" name="con_oneatatime" time="52.082"/>
</testsuite> <!-- com.xamplify.automation.Contacts -->
